This file contains any messages produced by compilers while
running configure, to aid debugging if configure makes a mistake.

configure:527: checking for gcc
configure:604: checking whether the C compiler (gcc  ) works
configure:618: gcc -o conftest    conftest.c  1>&5
configure:638: checking whether the C compiler (gcc  ) is a cross-compiler
configure:643: checking whether we are using GNU C
configure:652: gcc -E conftest.c
configure:667: checking whether gcc accepts -g
configure:697: checking for ranlib
configure:724: checking whether make sets ${MAKE}
configure:753: checking how to run the C preprocessor
configure:774: gcc -E  conftest.c >/dev/null 2>conftest.out
configure:814: checking for ANSI C header files
configure:827: gcc -E  conftest.c >/dev/null 2>conftest.out
configure:894: gcc -o conftest -g -O2   conftest.c  1>&5
configure:918: checking for sys/wait.h that is POSIX.1 compatible
configure:939: gcc -c -g -O2  conftest.c 1>&5
configure:960: checking whether time.h and sys/time.h may both be included
configure:974: gcc -c -g -O2  conftest.c 1>&5
configure:998: checking for string.h
configure:1008: gcc -E  conftest.c >/dev/null 2>conftest.out
configure:998: checking for fcntl.h
configure:1008: gcc -E  conftest.c >/dev/null 2>conftest.out
configure:998: checking for memory.h
configure:1008: gcc -E  conftest.c >/dev/null 2>conftest.out
configure:998: checking for malloc.h
configure:1008: gcc -E  conftest.c >/dev/null 2>conftest.out
configure:998: checking for unistd.h
configure:1008: gcc -E  conftest.c >/dev/null 2>conftest.out
configure:998: checking for ctype.h
configure:1008: gcc -E  conftest.c >/dev/null 2>conftest.out
configure:1038: checking for strings.h
configure:1048: gcc -E  conftest.c >/dev/null 2>conftest.out
configure:1079: checking for sys/stat.h
configure:1089: gcc -E  conftest.c >/dev/null 2>conftest.out
configure:1079: checking for sys/param.h
configure:1089: gcc -E  conftest.c >/dev/null 2>conftest.out
configure:1079: checking for sys/file.h
configure:1089: gcc -E  conftest.c >/dev/null 2>conftest.out
configure:1079: checking for stdlib.h
configure:1089: gcc -E  conftest.c >/dev/null 2>conftest.out
configure:1116: checking for working const
configure:1170: gcc -c -g -O2  conftest.c 1>&5
configure:1191: checking whether struct tm is in sys/time.h or time.h
configure:1204: gcc -c -g -O2  conftest.c 1>&5
configure:1225: checking for flock
configure:1253: gcc -o conftest -g -O2   conftest.c  1>&5
configure:1276: checking for strcasecmp
configure:1304: gcc -o conftest -g -O2   conftest.c  1>&5
configure:1327: checking for mktime
configure:1355: gcc -o conftest -g -O2   conftest.c  1>&5
configure:1378: checking for ftruncate
configure:1406: gcc -o conftest -g -O2   conftest.c  1>&5
configure:1429: checking for SCO
configure:1433: checking for scosh
