C:\Users\e.sfikas\Documents\Visual Studio 2010\Projects\iphelper\libpcre\x64\Debug\cl.command.1.tlog
C:\Users\e.sfikas\Documents\Visual Studio 2010\Projects\iphelper\libpcre\x64\Debug\CL.read.1.tlog
C:\Users\e.sfikas\Documents\Visual Studio 2010\Projects\iphelper\libpcre\x64\Debug\CL.write.1.tlog
C:\Users\e.sfikas\Documents\Visual Studio 2010\Projects\iphelper\libpcre\x64\Debug\lib.command.1.tlog
C:\Users\e.sfikas\Documents\Visual Studio 2010\Projects\iphelper\libpcre\x64\Debug\Lib-link.read.1.tlog
C:\Users\e.sfikas\Documents\Visual Studio 2010\Projects\iphelper\libpcre\x64\Debug\Lib-link.write.1.tlog
C:\USERS\E.SFIKAS\DOCUMENTS\VISUAL STUDIO 2010\PROJECTS\IPHELPER\LIBPCRE\X64\DEBUG\LIBPCRE.LIB
C:\Users\e.sfikas\Documents\Visual Studio 2010\Projects\iphelper\libpcre\x64\Debug\libpcre.write.1.tlog
C:\USERS\E.SFIKAS\DOCUMENTS\VISUAL STUDIO 2010\PROJECTS\IPHELPER\LIBPCRE\X64\DEBUG\PCRE_CHARTABLES.OBJ
C:\USERS\E.SFIKAS\DOCUMENTS\VISUAL STUDIO 2010\PROJECTS\IPHELPER\LIBPCRE\X64\DEBUG\PCRE_COMPILE.OBJ
C:\USERS\E.SFIKAS\DOCUMENTS\VISUAL STUDIO 2010\PROJECTS\IPHELPER\LIBPCRE\X64\DEBUG\PCRE_CONFIG.OBJ
C:\USERS\E.SFIKAS\DOCUMENTS\VISUAL STUDIO 2010\PROJECTS\IPHELPER\LIBPCRE\X64\DEBUG\PCRE_DFA_EXEC.OBJ
C:\USERS\E.SFIKAS\DOCUMENTS\VISUAL STUDIO 2010\PROJECTS\IPHELPER\LIBPCRE\X64\DEBUG\PCRE_EXEC.OBJ
C:\USERS\E.SFIKAS\DOCUMENTS\VISUAL STUDIO 2010\PROJECTS\IPHELPER\LIBPCRE\X64\DEBUG\PCRE_FULLINFO.OBJ
C:\USERS\E.SFIKAS\DOCUMENTS\VISUAL STUDIO 2010\PROJECTS\IPHELPER\LIBPCRE\X64\DEBUG\PCRE_GET.OBJ
C:\USERS\E.SFIKAS\DOCUMENTS\VISUAL STUDIO 2010\PROJECTS\IPHELPER\LIBPCRE\X64\DEBUG\PCRE_GLOBALS.OBJ
C:\USERS\E.SFIKAS\DOCUMENTS\VISUAL STUDIO 2010\PROJECTS\IPHELPER\LIBPCRE\X64\DEBUG\PCRE_INFO.OBJ
C:\USERS\E.SFIKAS\DOCUMENTS\VISUAL STUDIO 2010\PROJECTS\IPHELPER\LIBPCRE\X64\DEBUG\PCRE_MAKETABLES.OBJ
C:\USERS\E.SFIKAS\DOCUMENTS\VISUAL STUDIO 2010\PROJECTS\IPHELPER\LIBPCRE\X64\DEBUG\PCRE_NEWLINE.OBJ
C:\USERS\E.SFIKAS\DOCUMENTS\VISUAL STUDIO 2010\PROJECTS\IPHELPER\LIBPCRE\X64\DEBUG\PCRE_ORD2UTF8.OBJ
C:\USERS\E.SFIKAS\DOCUMENTS\VISUAL STUDIO 2010\PROJECTS\IPHELPER\LIBPCRE\X64\DEBUG\PCRE_REFCOUNT.OBJ
C:\USERS\E.SFIKAS\DOCUMENTS\VISUAL STUDIO 2010\PROJECTS\IPHELPER\LIBPCRE\X64\DEBUG\PCRE_STUDY.OBJ
C:\USERS\E.SFIKAS\DOCUMENTS\VISUAL STUDIO 2010\PROJECTS\IPHELPER\LIBPCRE\X64\DEBUG\PCRE_TABLES.OBJ
C:\USERS\E.SFIKAS\DOCUMENTS\VISUAL STUDIO 2010\PROJECTS\IPHELPER\LIBPCRE\X64\DEBUG\PCRE_TRY_FLIPPED.OBJ
C:\USERS\E.SFIKAS\DOCUMENTS\VISUAL STUDIO 2010\PROJECTS\IPHELPER\LIBPCRE\X64\DEBUG\PCRE_UCD.OBJ
C:\USERS\E.SFIKAS\DOCUMENTS\VISUAL STUDIO 2010\PROJECTS\IPHELPER\LIBPCRE\X64\DEBUG\PCRE_UCP_SEARCHFUNCS.OBJ
C:\USERS\E.SFIKAS\DOCUMENTS\VISUAL STUDIO 2010\PROJECTS\IPHELPER\LIBPCRE\X64\DEBUG\PCRE_VALID_UTF8.OBJ
C:\USERS\E.SFIKAS\DOCUMENTS\VISUAL STUDIO 2010\PROJECTS\IPHELPER\LIBPCRE\X64\DEBUG\PCRE_VERSION.OBJ
C:\USERS\E.SFIKAS\DOCUMENTS\VISUAL STUDIO 2010\PROJECTS\IPHELPER\LIBPCRE\X64\DEBUG\PCRE_XCLASS.OBJ
C:\Users\e.sfikas\Documents\Visual Studio 2010\Projects\iphelper\libpcre\x64\Debug\vc100.idb
C:\USERS\E.SFIKAS\DOCUMENTS\VISUAL STUDIO 2010\PROJECTS\IPHELPER\LIBPCRE\X64\DEBUG\VC100.PDB
