C:\Users\vaderas\Documents\Visual Studio 2010\Projects\iphelper\whatismyip\libpcre\Win32\Release\cl.command.1.tlog
C:\Users\vaderas\Documents\Visual Studio 2010\Projects\iphelper\whatismyip\libpcre\Win32\Release\CL.read.1.tlog
C:\Users\vaderas\Documents\Visual Studio 2010\Projects\iphelper\whatismyip\libpcre\Win32\Release\CL.write.1.tlog
C:\Users\vaderas\Documents\Visual Studio 2010\Projects\iphelper\whatismyip\libpcre\Win32\Release\lib.command.1.tlog
C:\Users\vaderas\Documents\Visual Studio 2010\Projects\iphelper\whatismyip\libpcre\Win32\Release\Lib-link.read.1.tlog
C:\Users\vaderas\Documents\Visual Studio 2010\Projects\iphelper\whatismyip\libpcre\Win32\Release\Lib-link.write.1.tlog
C:\USERS\VADERAS\DOCUMENTS\VISUAL STUDIO 2010\PROJECTS\IPHELPER\WHATISMYIP\LIBPCRE\WIN32\RELEASE\LIBPCRE.LIB
C:\Users\vaderas\Documents\Visual Studio 2010\Projects\iphelper\whatismyip\libpcre\Win32\Release\libpcre.write.1.tlog
C:\USERS\VADERAS\DOCUMENTS\VISUAL STUDIO 2010\PROJECTS\IPHELPER\WHATISMYIP\LIBPCRE\WIN32\RELEASE\PCRE_CHARTABLES.OBJ
C:\USERS\VADERAS\DOCUMENTS\VISUAL STUDIO 2010\PROJECTS\IPHELPER\WHATISMYIP\LIBPCRE\WIN32\RELEASE\PCRE_COMPILE.OBJ
C:\USERS\VADERAS\DOCUMENTS\VISUAL STUDIO 2010\PROJECTS\IPHELPER\WHATISMYIP\LIBPCRE\WIN32\RELEASE\PCRE_CONFIG.OBJ
C:\USERS\VADERAS\DOCUMENTS\VISUAL STUDIO 2010\PROJECTS\IPHELPER\WHATISMYIP\LIBPCRE\WIN32\RELEASE\PCRE_DFA_EXEC.OBJ
C:\USERS\VADERAS\DOCUMENTS\VISUAL STUDIO 2010\PROJECTS\IPHELPER\WHATISMYIP\LIBPCRE\WIN32\RELEASE\PCRE_EXEC.OBJ
C:\USERS\VADERAS\DOCUMENTS\VISUAL STUDIO 2010\PROJECTS\IPHELPER\WHATISMYIP\LIBPCRE\WIN32\RELEASE\PCRE_FULLINFO.OBJ
C:\USERS\VADERAS\DOCUMENTS\VISUAL STUDIO 2010\PROJECTS\IPHELPER\WHATISMYIP\LIBPCRE\WIN32\RELEASE\PCRE_GET.OBJ
C:\USERS\VADERAS\DOCUMENTS\VISUAL STUDIO 2010\PROJECTS\IPHELPER\WHATISMYIP\LIBPCRE\WIN32\RELEASE\PCRE_GLOBALS.OBJ
C:\USERS\VADERAS\DOCUMENTS\VISUAL STUDIO 2010\PROJECTS\IPHELPER\WHATISMYIP\LIBPCRE\WIN32\RELEASE\PCRE_INFO.OBJ
C:\USERS\VADERAS\DOCUMENTS\VISUAL STUDIO 2010\PROJECTS\IPHELPER\WHATISMYIP\LIBPCRE\WIN32\RELEASE\PCRE_MAKETABLES.OBJ
C:\USERS\VADERAS\DOCUMENTS\VISUAL STUDIO 2010\PROJECTS\IPHELPER\WHATISMYIP\LIBPCRE\WIN32\RELEASE\PCRE_NEWLINE.OBJ
C:\USERS\VADERAS\DOCUMENTS\VISUAL STUDIO 2010\PROJECTS\IPHELPER\WHATISMYIP\LIBPCRE\WIN32\RELEASE\PCRE_ORD2UTF8.OBJ
C:\USERS\VADERAS\DOCUMENTS\VISUAL STUDIO 2010\PROJECTS\IPHELPER\WHATISMYIP\LIBPCRE\WIN32\RELEASE\PCRE_REFCOUNT.OBJ
C:\USERS\VADERAS\DOCUMENTS\VISUAL STUDIO 2010\PROJECTS\IPHELPER\WHATISMYIP\LIBPCRE\WIN32\RELEASE\PCRE_STUDY.OBJ
C:\USERS\VADERAS\DOCUMENTS\VISUAL STUDIO 2010\PROJECTS\IPHELPER\WHATISMYIP\LIBPCRE\WIN32\RELEASE\PCRE_TABLES.OBJ
C:\USERS\VADERAS\DOCUMENTS\VISUAL STUDIO 2010\PROJECTS\IPHELPER\WHATISMYIP\LIBPCRE\WIN32\RELEASE\PCRE_TRY_FLIPPED.OBJ
C:\USERS\VADERAS\DOCUMENTS\VISUAL STUDIO 2010\PROJECTS\IPHELPER\WHATISMYIP\LIBPCRE\WIN32\RELEASE\PCRE_UCD.OBJ
C:\USERS\VADERAS\DOCUMENTS\VISUAL STUDIO 2010\PROJECTS\IPHELPER\WHATISMYIP\LIBPCRE\WIN32\RELEASE\PCRE_UCP_SEARCHFUNCS.OBJ
C:\USERS\VADERAS\DOCUMENTS\VISUAL STUDIO 2010\PROJECTS\IPHELPER\WHATISMYIP\LIBPCRE\WIN32\RELEASE\PCRE_VALID_UTF8.OBJ
C:\USERS\VADERAS\DOCUMENTS\VISUAL STUDIO 2010\PROJECTS\IPHELPER\WHATISMYIP\LIBPCRE\WIN32\RELEASE\PCRE_VERSION.OBJ
C:\USERS\VADERAS\DOCUMENTS\VISUAL STUDIO 2010\PROJECTS\IPHELPER\WHATISMYIP\LIBPCRE\WIN32\RELEASE\PCRE_XCLASS.OBJ
C:\USERS\VADERAS\DOCUMENTS\VISUAL STUDIO 2010\PROJECTS\IPHELPER\WHATISMYIP\LIBPCRE\WIN32\RELEASE\VC100.PDB
