C:\Users\vaderas\Documents\Visual Studio 2010\Projects\iphelper\whatismyip\libpcre\Win32\Debug\cl.command.1.tlog
C:\Users\vaderas\Documents\Visual Studio 2010\Projects\iphelper\whatismyip\libpcre\Win32\Debug\CL.read.1.tlog
C:\Users\vaderas\Documents\Visual Studio 2010\Projects\iphelper\whatismyip\libpcre\Win32\Debug\CL.write.1.tlog
C:\Users\vaderas\Documents\Visual Studio 2010\Projects\iphelper\whatismyip\libpcre\Win32\Debug\lib.command.1.tlog
C:\Users\vaderas\Documents\Visual Studio 2010\Projects\iphelper\whatismyip\libpcre\Win32\Debug\Lib-link.read.1.tlog
C:\Users\vaderas\Documents\Visual Studio 2010\Projects\iphelper\whatismyip\libpcre\Win32\Debug\Lib-link.write.1.tlog
C:\USERS\VADERAS\DOCUMENTS\VISUAL STUDIO 2010\PROJECTS\IPHELPER\WHATISMYIP\LIBPCRE\WIN32\DEBUG\LIBPCRE.LIB
C:\Users\vaderas\Documents\Visual Studio 2010\Projects\iphelper\whatismyip\libpcre\Win32\Debug\libpcre.write.1.tlog
C:\USERS\VADERAS\DOCUMENTS\VISUAL STUDIO 2010\PROJECTS\IPHELPER\WHATISMYIP\LIBPCRE\WIN32\DEBUG\PCRE_CHARTABLES.OBJ
C:\USERS\VADERAS\DOCUMENTS\VISUAL STUDIO 2010\PROJECTS\IPHELPER\WHATISMYIP\LIBPCRE\WIN32\DEBUG\PCRE_COMPILE.OBJ
C:\USERS\VADERAS\DOCUMENTS\VISUAL STUDIO 2010\PROJECTS\IPHELPER\WHATISMYIP\LIBPCRE\WIN32\DEBUG\PCRE_CONFIG.OBJ
C:\USERS\VADERAS\DOCUMENTS\VISUAL STUDIO 2010\PROJECTS\IPHELPER\WHATISMYIP\LIBPCRE\WIN32\DEBUG\PCRE_DFA_EXEC.OBJ
C:\USERS\VADERAS\DOCUMENTS\VISUAL STUDIO 2010\PROJECTS\IPHELPER\WHATISMYIP\LIBPCRE\WIN32\DEBUG\PCRE_EXEC.OBJ
C:\USERS\VADERAS\DOCUMENTS\VISUAL STUDIO 2010\PROJECTS\IPHELPER\WHATISMYIP\LIBPCRE\WIN32\DEBUG\PCRE_FULLINFO.OBJ
C:\USERS\VADERAS\DOCUMENTS\VISUAL STUDIO 2010\PROJECTS\IPHELPER\WHATISMYIP\LIBPCRE\WIN32\DEBUG\PCRE_GET.OBJ
C:\USERS\VADERAS\DOCUMENTS\VISUAL STUDIO 2010\PROJECTS\IPHELPER\WHATISMYIP\LIBPCRE\WIN32\DEBUG\PCRE_GLOBALS.OBJ
C:\USERS\VADERAS\DOCUMENTS\VISUAL STUDIO 2010\PROJECTS\IPHELPER\WHATISMYIP\LIBPCRE\WIN32\DEBUG\PCRE_INFO.OBJ
C:\USERS\VADERAS\DOCUMENTS\VISUAL STUDIO 2010\PROJECTS\IPHELPER\WHATISMYIP\LIBPCRE\WIN32\DEBUG\PCRE_MAKETABLES.OBJ
C:\USERS\VADERAS\DOCUMENTS\VISUAL STUDIO 2010\PROJECTS\IPHELPER\WHATISMYIP\LIBPCRE\WIN32\DEBUG\PCRE_NEWLINE.OBJ
C:\USERS\VADERAS\DOCUMENTS\VISUAL STUDIO 2010\PROJECTS\IPHELPER\WHATISMYIP\LIBPCRE\WIN32\DEBUG\PCRE_ORD2UTF8.OBJ
C:\USERS\VADERAS\DOCUMENTS\VISUAL STUDIO 2010\PROJECTS\IPHELPER\WHATISMYIP\LIBPCRE\WIN32\DEBUG\PCRE_REFCOUNT.OBJ
C:\USERS\VADERAS\DOCUMENTS\VISUAL STUDIO 2010\PROJECTS\IPHELPER\WHATISMYIP\LIBPCRE\WIN32\DEBUG\PCRE_STUDY.OBJ
C:\USERS\VADERAS\DOCUMENTS\VISUAL STUDIO 2010\PROJECTS\IPHELPER\WHATISMYIP\LIBPCRE\WIN32\DEBUG\PCRE_TABLES.OBJ
C:\USERS\VADERAS\DOCUMENTS\VISUAL STUDIO 2010\PROJECTS\IPHELPER\WHATISMYIP\LIBPCRE\WIN32\DEBUG\PCRE_TRY_FLIPPED.OBJ
C:\USERS\VADERAS\DOCUMENTS\VISUAL STUDIO 2010\PROJECTS\IPHELPER\WHATISMYIP\LIBPCRE\WIN32\DEBUG\PCRE_UCD.OBJ
C:\USERS\VADERAS\DOCUMENTS\VISUAL STUDIO 2010\PROJECTS\IPHELPER\WHATISMYIP\LIBPCRE\WIN32\DEBUG\PCRE_UCP_SEARCHFUNCS.OBJ
C:\USERS\VADERAS\DOCUMENTS\VISUAL STUDIO 2010\PROJECTS\IPHELPER\WHATISMYIP\LIBPCRE\WIN32\DEBUG\PCRE_VALID_UTF8.OBJ
C:\USERS\VADERAS\DOCUMENTS\VISUAL STUDIO 2010\PROJECTS\IPHELPER\WHATISMYIP\LIBPCRE\WIN32\DEBUG\PCRE_VERSION.OBJ
C:\USERS\VADERAS\DOCUMENTS\VISUAL STUDIO 2010\PROJECTS\IPHELPER\WHATISMYIP\LIBPCRE\WIN32\DEBUG\PCRE_XCLASS.OBJ
C:\Users\vaderas\Documents\Visual Studio 2010\Projects\iphelper\whatismyip\libpcre\Win32\Debug\vc100.idb
C:\USERS\VADERAS\DOCUMENTS\VISUAL STUDIO 2010\PROJECTS\IPHELPER\WHATISMYIP\LIBPCRE\WIN32\DEBUG\VC100.PDB
